******************day and time:2021_03_11*******************
******************day and time:2021_03_11*******************
******************day and time:2021_03_11*******************
Starting training....
0
HBox(children=(FloatProgress(value=0.0, max=208.0), HTML(value='')))

HBox(children=(FloatProgress(value=0.0, max=51.0), HTML(value='')))
tensor(0.6558, device='cuda:0', grad_fn=<AddBackward0>)
tensor(0.6280, device='cuda:0', grad_fn=<AddBackward0>)
tensor(0.6567, device='cuda:0', grad_fn=<AddBackward0>)
tensor(0.2752, device='cuda:0', grad_fn=<AddBackward0>)
tensor(0.6475, device='cuda:0', grad_fn=<AddBackward0>)
tensor(0.6831, device='cuda:0', grad_fn=<AddBackward0>)
tensor(1.6008, device='cuda:0', grad_fn=<AddBackward0>)
tensor(1.0342, device='cuda:0', grad_fn=<AddBackward0>)
tensor(0.6775, device='cuda:0', grad_fn=<AddBackward0>)
tensor(0.6476, device='cuda:0', grad_fn=<AddBackward0>)
tensor(1.0460, device='cuda:0', grad_fn=<AddBackward0>)
tensor(0.7086, device='cuda:0', grad_fn=<AddBackward0>)
tensor(0.2643, device='cuda:0', grad_fn=<AddBackward0>)
tensor(0.6765, device='cuda:0', grad_fn=<AddBackward0>)
tensor(0.6882, device='cuda:0', grad_fn=<AddBackward0>)
tensor(0.6504, device='cuda:0', grad_fn=<AddBackward0>)
tensor(0.6858, device='cuda:0', grad_fn=<AddBackward0>)
tensor(0.3801, device='cuda:0', grad_fn=<AddBackward0>)
tensor(0.3203, device='cuda:0', grad_fn=<AddBackward0>)
tensor(0.3397, device='cuda:0', grad_fn=<AddBackward0>)
tensor(0.9328, device='cuda:0', grad_fn=<AddBackward0>)
tensor(0.9737, device='cuda:0', grad_fn=<AddBackward0>)
tensor(1.0105, device='cuda:0', grad_fn=<AddBackward0>)
tensor(0.2953, device='cuda:0', grad_fn=<AddBackward0>)
tensor(1.0295, device='cuda:0', grad_fn=<AddBackward0>)
tensor(0.6828, device='cuda:0', grad_fn=<AddBackward0>)
tensor(2.0177, device='cuda:0', grad_fn=<AddBackward0>)
tensor(0.6173, device='cuda:0', grad_fn=<AddBackward0>)
tensor(0.6587, device='cuda:0', grad_fn=<AddBackward0>)
tensor(1.3654, device='cuda:0', grad_fn=<AddBackward0>)
tensor(0.2905, device='cuda:0', grad_fn=<AddBackward0>)
tensor(1.3203, device='cuda:0', grad_fn=<AddBackward0>)
tensor(0.6299, device='cuda:0', grad_fn=<AddBackward0>)
tensor(0.7113, device='cuda:0', grad_fn=<AddBackward0>)
tensor(1.6414, device='cuda:0', grad_fn=<AddBackward0>)
tensor(0.3271, device='cuda:0', grad_fn=<AddBackward0>)
tensor(0.3933, device='cuda:0', grad_fn=<AddBackward0>)
tensor(0.3426, device='cuda:0', grad_fn=<AddBackward0>)
tensor(1.2587, device='cuda:0', grad_fn=<AddBackward0>)
tensor(1.2512, device='cuda:0', grad_fn=<AddBackward0>)
tensor(0.9889, device='cuda:0', grad_fn=<AddBackward0>)
tensor(1.4218, device='cuda:0', grad_fn=<AddBackward0>)
tensor(0.3349, device='cuda:0', grad_fn=<AddBackward0>)
tensor(1.3421, device='cuda:0', grad_fn=<AddBackward0>)
tensor(0.6644, device='cuda:0', grad_fn=<AddBackward0>)
tensor(0.6567, device='cuda:0', grad_fn=<AddBackward0>)
tensor(0.3054, device='cuda:0', grad_fn=<AddBackward0>)
tensor(1.3629, device='cuda:0', grad_fn=<AddBackward0>)
tensor(1.0586, device='cuda:0', grad_fn=<AddBackward0>)
tensor(0.6233, device='cuda:0', grad_fn=<AddBackward0>)
tensor(0.6772, device='cuda:0', grad_fn=<AddBackward0>)

Epoch :1 | Validation Loss :0.7931860936622993
Validation score improved (inf --> 0.7931860936622993). Saving model!
******************day and time:2021_03_11*******************
Starting training....
0
HBox(children=(FloatProgress(value=0.0, max=208.0), HTML(value='')))

HBox(children=(FloatProgress(value=0.0, max=51.0), HTML(value='')))
tensor(0.1916, device='cuda:0', grad_fn=<AddBackward0>)
tensor(0.2396, device='cuda:0', grad_fn=<AddBackward0>)
tensor(0.2669, device='cuda:0', grad_fn=<AddBackward0>)
tensor(0.1996, device='cuda:0', grad_fn=<AddBackward0>)
tensor(0.2489, device='cuda:0', grad_fn=<AddBackward0>)
tensor(0.2522, device='cuda:0', grad_fn=<AddBackward0>)
tensor(0.2198, device='cuda:0', grad_fn=<AddBackward0>)
tensor(0.2782, device='cuda:0', grad_fn=<AddBackward0>)
tensor(0.2671, device='cuda:0', grad_fn=<AddBackward0>)
tensor(0.2368, device='cuda:0', grad_fn=<AddBackward0>)
tensor(0.2682, device='cuda:0', grad_fn=<AddBackward0>)
tensor(0.2402, device='cuda:0', grad_fn=<AddBackward0>)
tensor(0.2372, device='cuda:0', grad_fn=<AddBackward0>)
tensor(0.2777, device='cuda:0', grad_fn=<AddBackward0>)
tensor(0.3231, device='cuda:0', grad_fn=<AddBackward0>)
tensor(0.2837, device='cuda:0', grad_fn=<AddBackward0>)
tensor(0.2334, device='cuda:0', grad_fn=<AddBackward0>)
tensor(0.2397, device='cuda:0', grad_fn=<AddBackward0>)
tensor(0.2751, device='cuda:0', grad_fn=<AddBackward0>)
tensor(0.2576, device='cuda:0', grad_fn=<AddBackward0>)
tensor(0.2640, device='cuda:0', grad_fn=<AddBackward0>)
tensor(0.2755, device='cuda:0', grad_fn=<AddBackward0>)
tensor(0.2569, device='cuda:0', grad_fn=<AddBackward0>)
tensor(0.2324, device='cuda:0', grad_fn=<AddBackward0>)
tensor(0.2722, device='cuda:0', grad_fn=<AddBackward0>)
tensor(0.2681, device='cuda:0', grad_fn=<AddBackward0>)
tensor(0.2333, device='cuda:0', grad_fn=<AddBackward0>)
tensor(0.2673, device='cuda:0', grad_fn=<AddBackward0>)
tensor(0.2244, device='cuda:0', grad_fn=<AddBackward0>)
tensor(0.2243, device='cuda:0', grad_fn=<AddBackward0>)
tensor(0.2559, device='cuda:0', grad_fn=<AddBackward0>)
tensor(0.2586, device='cuda:0', grad_fn=<AddBackward0>)
tensor(0.2422, device='cuda:0', grad_fn=<AddBackward0>)
tensor(0.2244, device='cuda:0', grad_fn=<AddBackward0>)
tensor(0.2994, device='cuda:0', grad_fn=<AddBackward0>)
tensor(0.2356, device='cuda:0', grad_fn=<AddBackward0>)
tensor(0.2582, device='cuda:0', grad_fn=<AddBackward0>)
tensor(0.3094, device='cuda:0', grad_fn=<AddBackward0>)
tensor(0.2627, device='cuda:0', grad_fn=<AddBackward0>)
tensor(0.2790, device='cuda:0', grad_fn=<AddBackward0>)
tensor(0.2855, device='cuda:0', grad_fn=<AddBackward0>)
tensor(0.2194, device='cuda:0', grad_fn=<AddBackward0>)
tensor(0.2212, device='cuda:0', grad_fn=<AddBackward0>)
tensor(0.2670, device='cuda:0', grad_fn=<AddBackward0>)
tensor(0.2315, device='cuda:0', grad_fn=<AddBackward0>)
tensor(0.2529, device='cuda:0', grad_fn=<AddBackward0>)
tensor(0.3230, device='cuda:0', grad_fn=<AddBackward0>)
tensor(0.2341, device='cuda:0', grad_fn=<AddBackward0>)
tensor(0.2647, device='cuda:0', grad_fn=<AddBackward0>)
tensor(0.2585, device='cuda:0', grad_fn=<AddBackward0>)
tensor(0.2806, device='cuda:0', grad_fn=<AddBackward0>)

Epoch :1 | Validation Loss :0.25527624084669
Validation score improved (inf --> 0.25527624084669). Saving model!
******************day and time:2021_03_11*******************
******************day and time:2021_03_11*******************
Starting training....
0
HBox(children=(FloatProgress(value=0.0, max=208.0), HTML(value='')))
******************day and time:2021_03_11*******************
Starting training....
0
HBox(children=(FloatProgress(value=0.0, max=208.0), HTML(value='')))
